生成启动时间为 2015/3/23 15:02:54。
     1>项目“F:\DATE\VS2012\ConsoleApplication1\ConsoleApplication1\ConsoleApplication1\ConsoleApplication1.vcxproj”在节点 2 上(Build 个目标)。
     1>ClCompile:
         F:\Program Files (x86)\VisualStudio2012\VC\bin\CL.exe /c /ZI /nologo /W3 /WX- /Od /Oy- /D WIN32 /D _DEBUG /D _CONSOLE /D _UNICODE /D UNICODE /Gm /EHsc /RTC1 /MDd /GS /fp:precise /Zc:wchar_t /Zc:forScope /Fo"Debug\\" /Fd"Debug\vc110.pdb" /Gd /TP /analyze- /errorReport:prompt delay.cpp disp_1.cpp draw.cpp drawtuxing.cpp huatu.cpp panduan.cpp print.cpp print_1.cpp screen_display.cpp shuaping.cpp write_p_l.cpp "源.cpp"
         delay.cpp
         正在生成代码...
         正在编译...
         源.cpp
     1>f:\date\vs2012\consoleapplication1\consoleapplication1\consoleapplication1\源.cpp(193): warning C4129: “ ”: 不可识别的字符转义序列
     1>f:\date\vs2012\consoleapplication1\consoleapplication1\consoleapplication1\源.cpp(207): warning C4305: “参数”: 从“__int64”到“int”截断
     1>f:\date\vs2012\consoleapplication1\consoleapplication1\consoleapplication1\源.cpp(207): warning C4309: “参数”: 截断常量值
         write_p_l.cpp
     1>f:\date\vs2012\consoleapplication1\consoleapplication1\consoleapplication1\write_p_l.cpp(70): warning C4996: 'strcat': This function or variable may be unsafe. Consider using strcat_s instead. To disable deprecation, use _CRT_SECURE_NO_WARNINGS. See online help for details.
                 f:\program files (x86)\visualstudio2012\vc\include\string.h(115) : 参见“strcat”的声明
     1>f:\date\vs2012\consoleapplication1\consoleapplication1\consoleapplication1\write_p_l.cpp(71): warning C4996: 'strcat': This function or variable may be unsafe. Consider using strcat_s instead. To disable deprecation, use _CRT_SECURE_NO_WARNINGS. See online help for details.
                 f:\program files (x86)\visualstudio2012\vc\include\string.h(115) : 参见“strcat”的声明
     1>f:\date\vs2012\consoleapplication1\consoleapplication1\consoleapplication1\write_p_l.cpp(126): warning C4996: 'strcat': This function or variable may be unsafe. Consider using strcat_s instead. To disable deprecation, use _CRT_SECURE_NO_WARNINGS. See online help for details.
                 f:\program files (x86)\visualstudio2012\vc\include\string.h(115) : 参见“strcat”的声明
     1>f:\date\vs2012\consoleapplication1\consoleapplication1\consoleapplication1\write_p_l.cpp(127): warning C4996: 'strcat': This function or variable may be unsafe. Consider using strcat_s instead. To disable deprecation, use _CRT_SECURE_NO_WARNINGS. See online help for details.
                 f:\program files (x86)\visualstudio2012\vc\include\string.h(115) : 参见“strcat”的声明
     1>f:\date\vs2012\consoleapplication1\consoleapplication1\consoleapplication1\write_p_l.cpp(128): warning C4996: 'strcat': This function or variable may be unsafe. Consider using strcat_s instead. To disable deprecation, use _CRT_SECURE_NO_WARNINGS. See online help for details.
                 f:\program files (x86)\visualstudio2012\vc\include\string.h(115) : 参见“strcat”的声明
     1>f:\date\vs2012\consoleapplication1\consoleapplication1\consoleapplication1\write_p_l.cpp(129): warning C4996: 'strcat': This function or variable may be unsafe. Consider using strcat_s instead. To disable deprecation, use _CRT_SECURE_NO_WARNINGS. See online help for details.
                 f:\program files (x86)\visualstudio2012\vc\include\string.h(115) : 参见“strcat”的声明
     1>f:\date\vs2012\consoleapplication1\consoleapplication1\consoleapplication1\write_p_l.cpp(130): warning C4996: 'strcat': This function or variable may be unsafe. Consider using strcat_s instead. To disable deprecation, use _CRT_SECURE_NO_WARNINGS. See online help for details.
                 f:\program files (x86)\visualstudio2012\vc\include\string.h(115) : 参见“strcat”的声明
     1>f:\date\vs2012\consoleapplication1\consoleapplication1\consoleapplication1\write_p_l.cpp(131): warning C4996: 'strcat': This function or variable may be unsafe. Consider using strcat_s instead. To disable deprecation, use _CRT_SECURE_NO_WARNINGS. See online help for details.
                 f:\program files (x86)\visualstudio2012\vc\include\string.h(115) : 参见“strcat”的声明
     1>f:\date\vs2012\consoleapplication1\consoleapplication1\consoleapplication1\write_p_l.cpp(134): warning C4996: 'strcat': This function or variable may be unsafe. Consider using strcat_s instead. To disable deprecation, use _CRT_SECURE_NO_WARNINGS. See online help for details.
                 f:\program files (x86)\visualstudio2012\vc\include\string.h(115) : 参见“strcat”的声明
     1>f:\date\vs2012\consoleapplication1\consoleapplication1\consoleapplication1\write_p_l.cpp(157): warning C4129: “N”: 不可识别的字符转义序列
     1>f:\date\vs2012\consoleapplication1\consoleapplication1\consoleapplication1\write_p_l.cpp(203): warning C4305: “参数”: 从“__int64”到“int”截断
     1>f:\date\vs2012\consoleapplication1\consoleapplication1\consoleapplication1\write_p_l.cpp(203): warning C4309: “参数”: 截断常量值
     1>f:\date\vs2012\consoleapplication1\consoleapplication1\consoleapplication1\write_p_l.cpp(234): warning C4996: 'strcat': This function or variable may be unsafe. Consider using strcat_s instead. To disable deprecation, use _CRT_SECURE_NO_WARNINGS. See online help for details.
                 f:\program files (x86)\visualstudio2012\vc\include\string.h(115) : 参见“strcat”的声明
     1>f:\date\vs2012\consoleapplication1\consoleapplication1\consoleapplication1\write_p_l.cpp(235): warning C4996: 'strcat': This function or variable may be unsafe. Consider using strcat_s instead. To disable deprecation, use _CRT_SECURE_NO_WARNINGS. See online help for details.
                 f:\program files (x86)\visualstudio2012\vc\include\string.h(115) : 参见“strcat”的声明
     1>f:\date\vs2012\consoleapplication1\consoleapplication1\consoleapplication1\write_p_l.cpp(236): warning C4996: 'strcat': This function or variable may be unsafe. Consider using strcat_s instead. To disable deprecation, use _CRT_SECURE_NO_WARNINGS. See online help for details.
                 f:\program files (x86)\visualstudio2012\vc\include\string.h(115) : 参见“strcat”的声明
     1>f:\date\vs2012\consoleapplication1\consoleapplication1\consoleapplication1\write_p_l.cpp(237): warning C4996: 'strcat': This function or variable may be unsafe. Consider using strcat_s instead. To disable deprecation, use _CRT_SECURE_NO_WARNINGS. See online help for details.
                 f:\program files (x86)\visualstudio2012\vc\include\string.h(115) : 参见“strcat”的声明
     1>f:\date\vs2012\consoleapplication1\consoleapplication1\consoleapplication1\write_p_l.cpp(238): warning C4996: 'strcat': This function or variable may be unsafe. Consider using strcat_s instead. To disable deprecation, use _CRT_SECURE_NO_WARNINGS. See online help for details.
                 f:\program files (x86)\visualstudio2012\vc\include\string.h(115) : 参见“strcat”的声明
         shuaping.cpp
         screen_display.cpp
     1>f:\date\vs2012\consoleapplication1\consoleapplication1\consoleapplication1\screen_display.cpp(36): warning C4305: “参数”: 从“__int64”到“int”截断
     1>f:\date\vs2012\consoleapplication1\consoleapplication1\consoleapplication1\screen_display.cpp(36): warning C4309: “参数”: 截断常量值
     1>f:\date\vs2012\consoleapplication1\consoleapplication1\consoleapplication1\screen_display.cpp(60): warning C4996: 'strcat': This function or variable may be unsafe. Consider using strcat_s instead. To disable deprecation, use _CRT_SECURE_NO_WARNINGS. See online help for details.
                 f:\program files (x86)\visualstudio2012\vc\include\string.h(115) : 参见“strcat”的声明
     1>f:\date\vs2012\consoleapplication1\consoleapplication1\consoleapplication1\screen_display.cpp(61): warning C4996: 'strcat': This function or variable may be unsafe. Consider using strcat_s instead. To disable deprecation, use _CRT_SECURE_NO_WARNINGS. See online help for details.
                 f:\program files (x86)\visualstudio2012\vc\include\string.h(115) : 参见“strcat”的声明
     1>f:\date\vs2012\consoleapplication1\consoleapplication1\consoleapplication1\screen_display.cpp(178): warning C4996: 'strcat': This function or variable may be unsafe. Consider using strcat_s instead. To disable deprecation, use _CRT_SECURE_NO_WARNINGS. See online help for details.
                 f:\program files (x86)\visualstudio2012\vc\include\string.h(115) : 参见“strcat”的声明
     1>f:\date\vs2012\consoleapplication1\consoleapplication1\consoleapplication1\screen_display.cpp(179): warning C4996: 'strcat': This function or variable may be unsafe. Consider using strcat_s instead. To disable deprecation, use _CRT_SECURE_NO_WARNINGS. See online help for details.
                 f:\program files (x86)\visualstudio2012\vc\include\string.h(115) : 参见“strcat”的声明
     1>f:\date\vs2012\consoleapplication1\consoleapplication1\consoleapplication1\screen_display.cpp(209): warning C4305: “参数”: 从“__int64”到“int”截断
     1>f:\date\vs2012\consoleapplication1\consoleapplication1\consoleapplication1\screen_display.cpp(209): warning C4309: “参数”: 截断常量值
         print_1.cpp
         print.cpp
     1>f:\date\vs2012\consoleapplication1\consoleapplication1\consoleapplication1\print.cpp(21): warning C4996: 'strcat': This function or variable may be unsafe. Consider using strcat_s instead. To disable deprecation, use _CRT_SECURE_NO_WARNINGS. See online help for details.
                 f:\program files (x86)\visualstudio2012\vc\include\string.h(115) : 参见“strcat”的声明
     1>f:\date\vs2012\consoleapplication1\consoleapplication1\consoleapplication1\print.cpp(22): warning C4996: 'strcat': This function or variable may be unsafe. Consider using strcat_s instead. To disable deprecation, use _CRT_SECURE_NO_WARNINGS. See online help for details.
                 f:\program files (x86)\visualstudio2012\vc\include\string.h(115) : 参见“strcat”的声明
     1>f:\date\vs2012\consoleapplication1\consoleapplication1\consoleapplication1\print.cpp(37): warning C4996: 'strcat': This function or variable may be unsafe. Consider using strcat_s instead. To disable deprecation, use _CRT_SECURE_NO_WARNINGS. See online help for details.
                 f:\program files (x86)\visualstudio2012\vc\include\string.h(115) : 参见“strcat”的声明
     1>f:\date\vs2012\consoleapplication1\consoleapplication1\consoleapplication1\print.cpp(38): warning C4996: 'strcat': This function or variable may be unsafe. Consider using strcat_s instead. To disable deprecation, use _CRT_SECURE_NO_WARNINGS. See online help for details.
                 f:\program files (x86)\visualstudio2012\vc\include\string.h(115) : 参见“strcat”的声明
     1>f:\date\vs2012\consoleapplication1\consoleapplication1\consoleapplication1\print.cpp(39): warning C4996: 'strcat': This function or variable may be unsafe. Consider using strcat_s instead. To disable deprecation, use _CRT_SECURE_NO_WARNINGS. See online help for details.
                 f:\program files (x86)\visualstudio2012\vc\include\string.h(115) : 参见“strcat”的声明
     1>f:\date\vs2012\consoleapplication1\consoleapplication1\consoleapplication1\print.cpp(40): warning C4996: 'strcat': This function or variable may be unsafe. Consider using strcat_s instead. To disable deprecation, use _CRT_SECURE_NO_WARNINGS. See online help for details.
                 f:\program files (x86)\visualstudio2012\vc\include\string.h(115) : 参见“strcat”的声明
     1>f:\date\vs2012\consoleapplication1\consoleapplication1\consoleapplication1\print.cpp(59): warning C4996: 'strcat': This function or variable may be unsafe. Consider using strcat_s instead. To disable deprecation, use _CRT_SECURE_NO_WARNINGS. See online help for details.
                 f:\program files (x86)\visualstudio2012\vc\include\string.h(115) : 参见“strcat”的声明
     1>f:\date\vs2012\consoleapplication1\consoleapplication1\consoleapplication1\print.cpp(60): warning C4996: 'strcat': This function or variable may be unsafe. Consider using strcat_s instead. To disable deprecation, use _CRT_SECURE_NO_WARNINGS. See online help for details.
                 f:\program files (x86)\visualstudio2012\vc\include\string.h(115) : 参见“strcat”的声明
         panduan.cpp
         huatu.cpp
         drawtuxing.cpp
     1>f:\date\vs2012\consoleapplication1\consoleapplication1\consoleapplication1\drawtuxing.cpp(4): warning C4101: “y”: 未引用的局部变量
     1>f:\date\vs2012\consoleapplication1\consoleapplication1\consoleapplication1\drawtuxing.cpp(4): warning C4101: “x”: 未引用的局部变量
     1>f:\date\vs2012\consoleapplication1\consoleapplication1\consoleapplication1\drawtuxing.cpp(4): warning C4101: “z”: 未引用的局部变量
         draw.cpp
         disp_1.cpp
         正在生成代码...
       Link:
         F:\Program Files (x86)\VisualStudio2012\VC\bin\link.exe /ERRORREPORT:PROMPT /OUT:"F:\DATE\VS2012\ConsoleApplication1\ConsoleApplication1\Debug\ConsoleApplication1.exe" /INCREMENTAL /NOLOGO kernel32.lib user32.lib gdi32.lib winspool.lib comdlg32.lib advapi32.lib shell32.lib ole32.lib oleaut32.lib uuid.lib odbc32.lib odbccp32.lib /MANIFEST /MANIFESTUAC:"level='asInvoker' uiAccess='false'" /manifest:embed /DEBUG /PDB:"F:\DATE\VS2012\ConsoleApplication1\ConsoleApplication1\Debug\ConsoleApplication1.pdb" /SUBSYSTEM:CONSOLE /TLBID:1 /DYNAMICBASE /NXCOMPAT /IMPLIB:"F:\DATE\VS2012\ConsoleApplication1\ConsoleApplication1\Debug\ConsoleApplication1.lib" /MACHINE:X86 Debug\delay.obj
         Debug\disp_1.obj
         Debug\draw.obj
         Debug\drawtuxing.obj
         Debug\huatu.obj
         Debug\MyUserControl.obj
         Debug\panduan.obj
         Debug\print.obj
         Debug\print_1.obj
         Debug\screen_display.obj
         Debug\shuaping.obj
         Debug\write_p_l.obj
         "Debug\源.obj"
         ConsoleApplication1.vcxproj -> F:\DATE\VS2012\ConsoleApplication1\ConsoleApplication1\Debug\ConsoleApplication1.exe
     1>已完成生成项目“F:\DATE\VS2012\ConsoleApplication1\ConsoleApplication1\ConsoleApplication1\ConsoleApplication1.vcxproj”(Build 个目标)的操作。

生成成功。

已用时间 00:00:15.45
